Watching for file changes with StatReloader
Performing system checks...

System check identified some issues:

WARNINGS:
todos.Todo: (models.W042) Auto-created primary key used when not defining a primary key type, by default 'django.db.models.AutoField'.
	HINT: Configure the DEFAULT_AUTO_FIELD setting or the TodosConfig.default_auto_field attribute to point to a subclass of AutoField, e.g. 'django.db.models.BigAutoField'.

System check identified 1 issue (0 silenced).
April 25, 2023 - 02:51:25
Django version 4.2, using settings 'todoApp.settings'
Starting development server at http://0.0.0.0:8001/
Quit the server with CONTROL-C.

Watching for file changes with StatReloader
Performing system checks...

System check identified some issues:

WARNINGS:
todos.Todo: (models.W042) Auto-created primary key used when not defining a primary key type, by default 'django.db.models.AutoField'.
	HINT: Configure the DEFAULT_AUTO_FIELD setting or the TodosConfig.default_auto_field attribute to point to a subclass of AutoField, e.g. 'django.db.models.BigAutoField'.

System check identified 1 issue (0 silenced).
April 25, 2023 - 02:52:23
Django version 4.2, using settings 'todoApp.settings'
Starting development server at http://0.0.0.0:8001/
Quit the server with CONTROL-C.

[25/Apr/2023 02:52:43] "POST /todos/add/ HTTP/1.1" 302 0
[25/Apr/2023 02:52:43] "GET /todos/ HTTP/1.1" 200 4680
[25/Apr/2023 02:52:43] "GET /static/css/style.css HTTP/1.1" 304 0
[25/Apr/2023 02:52:52] "POST /todos/add/ HTTP/1.1" 302 0
[25/Apr/2023 02:52:52] "GET /todos/ HTTP/1.1" 200 5258
[25/Apr/2023 02:52:55] "POST /todos/24/update HTTP/1.1" 302 0
[25/Apr/2023 02:52:55] "GET /todos/ HTTP/1.1" 200 5295
[25/Apr/2023 02:52:58] "GET /todos/23/delete HTTP/1.1" 302 0
[25/Apr/2023 02:52:58] "GET /todos/ HTTP/1.1" 200 4717
